2025-12-30 10:38:11.701  INFO 19708 --- [restartedMain] com.mbti.BackendApplication              : Starting BackendApplication using Java 21.0.7 with PID 19708 (E:\fullstack_yeonhee\MBTI\backend\build\classes\java\main started by TJ in E:\fullstack_yeonhee\MBTI\backend)
2025-12-30 10:38:11.703  INFO 19708 --- [restartedMain] com.mbti.BackendApplication              : No active profile set, falling back to 1 default profile: "default"
2025-12-30 10:38:11.752  INFO 19708 --- [restartedMain] .e.DevToolsPropertyDefaultsPostProcessor : Devtools property defaults active! Set 'spring.devtools.add-properties' to 'false' to disable
2025-12-30 10:38:11.752  INFO 19708 --- [restartedMain] .e.DevToolsPropertyDefaultsPostProcessor : For additional web related logging consider setting the 'logging.level.web' property to 'DEBUG'
2025-12-30 10:38:13.315  INFO 19708 --- [restartedMain] o.s.b.w.embedded.tomcat.TomcatWebServer  : Tomcat initialized with port 8080 (http)
2025-12-30 10:38:13.327  INFO 19708 --- [restartedMain] o.apache.catalina.core.StandardService   : Starting service [Tomcat]
2025-12-30 10:38:13.328  INFO 19708 --- [restartedMain] o.apache.catalina.core.StandardEngine    : Starting Servlet engine: [Apache Tomcat/10.1.17]
2025-12-30 10:38:13.379  INFO 19708 --- [restartedMain] o.a.c.c.C.[Tomcat].[localhost].[/]       : Initializing Spring embedded WebApplicationContext
2025-12-30 10:38:13.380  INFO 19708 --- [restartedMain] w.s.c.ServletWebServerApplicationContext : Root WebApplicationContext: initialization completed in 1626 ms
2025-12-30 10:38:14.540  INFO 19708 --- [restartedMain] o.s.b.d.a.OptionalLiveReloadServer       : LiveReload server is running on port 35729
2025-12-30 10:38:14.581  INFO 19708 --- [restartedMain] o.s.b.w.embedded.tomcat.TomcatWebServer  : Tomcat started on port 8080 (http) with context path ''
2025-12-30 10:38:14.588  INFO 19708 --- [restartedMain] com.mbti.BackendApplication              : Started BackendApplication in 4.619 seconds (process running for 9.773)
2025-12-30 10:40:18.271  INFO 19708 --- [http-nio-8080-exec-1] o.a.c.c.C.[Tomcat].[localhost].[/]       : Initializing Spring DispatcherServlet 'dispatcherServlet'
2025-12-30 10:40:18.272  INFO 19708 --- [http-nio-8080-exec-1] o.s.web.servlet.DispatcherServlet        : Initializing Servlet 'dispatcherServlet'
2025-12-30 10:40:18.273  INFO 19708 --- [http-nio-8080-exec-1] o.s.web.servlet.DispatcherServlet        : Completed initialization in 1 ms
2025-12-30 10:40:18.304  INFO 19708 --- [http-nio-8080-exec-1] com.mbti.common.aop.LoggingAspect        : [MbtiController.getAllQuestions()] 요청 / ip : 127.0.0.1
2025-12-30 10:40:18.304  INFO 19708 --- [http-nio-8080-exec-1] c.mbti.mbti.controller.MbtiController    : GET /api/mbti/questions - Fetching all questions
2025-12-30 10:40:18.304  INFO 19708 --- [http-nio-8080-exec-1] com.mbti.common.aop.LoggingAspect        : ========== MbtiServiceImpl.getAllQuestions() 서비스 호출 ==========
2025-12-30 10:40:18.306  INFO 19708 --- [http-nio-8080-exec-1] com.mbti.common.aop.LoggingAspect        : Parameter : []
2025-12-30 10:40:18.307  INFO 19708 --- [http-nio-8080-exec-1] com.mbti.mbti.service.MbtiServiceImpl    : Fetching all questions
2025-12-30 10:40:18.324  INFO 19708 --- [http-nio-8080-exec-1] com.zaxxer.hikari.HikariDataSource       : MyHikariCP - Starting...
2025-12-30 10:40:18.554  INFO 19708 --- [http-nio-8080-exec-1] com.zaxxer.hikari.pool.HikariPool        : MyHikariCP - Added connection org.postgresql.jdbc.PgConnection@744fe02f
2025-12-30 10:40:18.556  INFO 19708 --- [http-nio-8080-exec-1] com.zaxxer.hikari.HikariDataSource       : MyHikariCP - Start completed.
2025-12-30 10:40:18.605  INFO 19708 --- [http-nio-8080-exec-1] com.mbti.common.aop.LoggingAspect        : Running Time : 299ms
2025-12-30 10:40:18.605  INFO 19708 --- [http-nio-8080-exec-1] com.mbti.common.aop.LoggingAspect        : ===================================================================================
2025-12-30 10:42:53.860  INFO 19708 --- [http-nio-8080-exec-3] com.mbti.common.aop.LoggingAspect        : [MbtiController.getAllQuestions()] 요청 / ip : 127.0.0.1
2025-12-30 10:42:53.861  INFO 19708 --- [http-nio-8080-exec-3] c.mbti.mbti.controller.MbtiController    : GET /api/mbti/questions - Fetching all questions
2025-12-30 10:42:53.861  INFO 19708 --- [http-nio-8080-exec-3] com.mbti.common.aop.LoggingAspect        : ========== MbtiServiceImpl.getAllQuestions() 서비스 호출 ==========
2025-12-30 10:42:53.861  INFO 19708 --- [http-nio-8080-exec-3] com.mbti.common.aop.LoggingAspect        : Parameter : []
2025-12-30 10:42:53.861  INFO 19708 --- [http-nio-8080-exec-3] com.mbti.mbti.service.MbtiServiceImpl    : Fetching all questions
2025-12-30 10:42:53.863  INFO 19708 --- [http-nio-8080-exec-3] com.mbti.common.aop.LoggingAspect        : Running Time : 2ms
2025-12-30 10:42:53.863  INFO 19708 --- [http-nio-8080-exec-3] com.mbti.common.aop.LoggingAspect        : ===================================================================================
2025-12-30 10:43:45.019  INFO 19708 --- [http-nio-8080-exec-5] com.mbti.common.aop.LoggingAspect        : [MbtiController.getAllQuestions()] 요청 / ip : 127.0.0.1
2025-12-30 10:43:45.020  INFO 19708 --- [http-nio-8080-exec-5] c.mbti.mbti.controller.MbtiController    : GET /api/mbti/questions - Fetching all questions
2025-12-30 10:43:45.020  INFO 19708 --- [http-nio-8080-exec-5] com.mbti.common.aop.LoggingAspect        : ========== MbtiServiceImpl.getAllQuestions() 서비스 호출 ==========
2025-12-30 10:43:45.020  INFO 19708 --- [http-nio-8080-exec-5] com.mbti.common.aop.LoggingAspect        : Parameter : []
2025-12-30 10:43:45.020  INFO 19708 --- [http-nio-8080-exec-5] com.mbti.mbti.service.MbtiServiceImpl    : Fetching all questions
2025-12-30 10:43:45.023  INFO 19708 --- [http-nio-8080-exec-5] com.mbti.common.aop.LoggingAspect        : Running Time : 3ms
2025-12-30 10:43:45.023  INFO 19708 --- [http-nio-8080-exec-5] com.mbti.common.aop.LoggingAspect        : ===================================================================================
2025-12-30 11:02:58.238  INFO 19708 --- [http-nio-8080-exec-7] com.mbti.common.aop.LoggingAspect        : [MbtiController.getAllQuestions()] 요청 / ip : 127.0.0.1
2025-12-30 11:02:58.239  INFO 19708 --- [http-nio-8080-exec-7] c.mbti.mbti.controller.MbtiController    : GET /api/mbti/questions - Fetching all questions
2025-12-30 11:02:58.239  INFO 19708 --- [http-nio-8080-exec-7] com.mbti.common.aop.LoggingAspect        : ========== MbtiServiceImpl.getAllQuestions() 서비스 호출 ==========
2025-12-30 11:02:58.239  INFO 19708 --- [http-nio-8080-exec-7] com.mbti.common.aop.LoggingAspect        : Parameter : []
2025-12-30 11:02:58.239  INFO 19708 --- [http-nio-8080-exec-7] com.mbti.mbti.service.MbtiServiceImpl    : Fetching all questions
2025-12-30 11:02:58.242  INFO 19708 --- [http-nio-8080-exec-7] com.mbti.common.aop.LoggingAspect        : Running Time : 3ms
2025-12-30 11:02:58.242  INFO 19708 --- [http-nio-8080-exec-7] com.mbti.common.aop.LoggingAspect        : ===================================================================================
2025-12-30 11:09:06.024  INFO 19708 --- [http-nio-8080-exec-9] com.mbti.common.aop.LoggingAspect        : [MbtiController.getAllQuestions()] 요청 / ip : 127.0.0.1
2025-12-30 11:09:06.024  INFO 19708 --- [http-nio-8080-exec-9] c.mbti.mbti.controller.MbtiController    : GET /api/mbti/questions - Fetching all questions
2025-12-30 11:09:06.024  INFO 19708 --- [http-nio-8080-exec-9] com.mbti.common.aop.LoggingAspect        : ========== MbtiServiceImpl.getAllQuestions() 서비스 호출 ==========
2025-12-30 11:09:06.024  INFO 19708 --- [http-nio-8080-exec-9] com.mbti.common.aop.LoggingAspect        : Parameter : []
2025-12-30 11:09:06.024  INFO 19708 --- [http-nio-8080-exec-9] com.mbti.mbti.service.MbtiServiceImpl    : Fetching all questions
2025-12-30 11:09:06.027  INFO 19708 --- [http-nio-8080-exec-9] com.mbti.common.aop.LoggingAspect        : Running Time : 3ms
2025-12-30 11:09:06.027  INFO 19708 --- [http-nio-8080-exec-9] com.mbti.common.aop.LoggingAspect        : ===================================================================================
2025-12-30 11:11:27.017  INFO 19708 --- [http-nio-8080-exec-1] com.mbti.common.aop.LoggingAspect        : [MbtiController.getAllQuestions()] 요청 / ip : 127.0.0.1
2025-12-30 11:11:27.017  INFO 19708 --- [http-nio-8080-exec-1] c.mbti.mbti.controller.MbtiController    : GET /api/mbti/questions - Fetching all questions
2025-12-30 11:11:27.017  INFO 19708 --- [http-nio-8080-exec-1] com.mbti.common.aop.LoggingAspect        : ========== MbtiServiceImpl.getAllQuestions() 서비스 호출 ==========
2025-12-30 11:11:27.018  INFO 19708 --- [http-nio-8080-exec-1] com.mbti.common.aop.LoggingAspect        : Parameter : []
2025-12-30 11:11:27.018  INFO 19708 --- [http-nio-8080-exec-1] com.mbti.mbti.service.MbtiServiceImpl    : Fetching all questions
2025-12-30 11:11:27.023  INFO 19708 --- [http-nio-8080-exec-1] com.mbti.common.aop.LoggingAspect        : Running Time : 5ms
2025-12-30 11:11:27.023  INFO 19708 --- [http-nio-8080-exec-1] com.mbti.common.aop.LoggingAspect        : ===================================================================================
2025-12-30 11:11:52.244  INFO 19708 --- [http-nio-8080-exec-3] com.mbti.common.aop.LoggingAspect        : [MbtiController.submitTest()] 요청 / ip : 127.0.0.1
2025-12-30 11:11:52.245  INFO 19708 --- [http-nio-8080-exec-3] c.mbti.mbti.controller.MbtiController    : POST /api/mbti/submit - Submitting test for user: yoni
2025-12-30 11:11:52.245  WARN 19708 --- [http-nio-8080-exec-3] c.mbti.mbti.controller.MbtiController    : No answers provided in request
2025-12-30 11:12:18.423  INFO 19708 --- [http-nio-8080-exec-4] com.mbti.common.aop.LoggingAspect        : [MbtiController.submitTest()] 요청 / ip : 127.0.0.1
2025-12-30 11:12:18.423  INFO 19708 --- [http-nio-8080-exec-4] c.mbti.mbti.controller.MbtiController    : POST /api/mbti/submit - Submitting test for user: yoni
2025-12-30 11:12:18.423  WARN 19708 --- [http-nio-8080-exec-4] c.mbti.mbti.controller.MbtiController    : No answers provided in request
2025-12-30 11:12:35.446  INFO 19708 --- [http-nio-8080-exec-6] com.mbti.common.aop.LoggingAspect        : [MbtiController.getAllQuestions()] 요청 / ip : 127.0.0.1
2025-12-30 11:12:35.446  INFO 19708 --- [http-nio-8080-exec-6] c.mbti.mbti.controller.MbtiController    : GET /api/mbti/questions - Fetching all questions
2025-12-30 11:12:35.446  INFO 19708 --- [http-nio-8080-exec-6] com.mbti.common.aop.LoggingAspect        : ========== MbtiServiceImpl.getAllQuestions() 서비스 호출 ==========
2025-12-30 11:12:35.446  INFO 19708 --- [http-nio-8080-exec-6] com.mbti.common.aop.LoggingAspect        : Parameter : []
2025-12-30 11:12:35.453  INFO 19708 --- [http-nio-8080-exec-6] com.mbti.mbti.service.MbtiServiceImpl    : Fetching all questions
2025-12-30 11:12:35.493  INFO 19708 --- [http-nio-8080-exec-6] com.mbti.common.aop.LoggingAspect        : Running Time : 47ms
2025-12-30 11:12:35.493  INFO 19708 --- [http-nio-8080-exec-6] com.mbti.common.aop.LoggingAspect        : ===================================================================================
2025-12-30 11:13:10.898  INFO 19708 --- [http-nio-8080-exec-8] com.mbti.common.aop.LoggingAspect        : [MbtiController.submitTest()] 요청 / ip : 127.0.0.1
2025-12-30 11:13:10.898  INFO 19708 --- [http-nio-8080-exec-8] c.mbti.mbti.controller.MbtiController    : POST /api/mbti/submit - Submitting test for user: yoni
2025-12-30 11:13:10.898  WARN 19708 --- [http-nio-8080-exec-8] c.mbti.mbti.controller.MbtiController    : No answers provided in request
2025-12-30 11:21:34.217  INFO 19708 --- [http-nio-8080-exec-9] com.mbti.common.aop.LoggingAspect        : [MbtiController.submitTest()] 요청 / ip : 127.0.0.1
2025-12-30 11:21:34.217  INFO 19708 --- [http-nio-8080-exec-9] c.mbti.mbti.controller.MbtiController    : POST /api/mbti/submit - Submitting test for user: yoni
2025-12-30 11:21:34.218  WARN 19708 --- [http-nio-8080-exec-9] c.mbti.mbti.controller.MbtiController    : No answers provided in request
2025-12-30 11:25:28.518  INFO 19708 --- [http-nio-8080-exec-10] com.mbti.common.aop.LoggingAspect        : [MbtiController.submitTest()] 요청 / ip : 127.0.0.1
2025-12-30 11:25:28.519  INFO 19708 --- [http-nio-8080-exec-10] c.mbti.mbti.controller.MbtiController    : POST /api/mbti/submit - Submitting test for user: yoni
2025-12-30 11:25:28.519  WARN 19708 --- [http-nio-8080-exec-10] c.mbti.mbti.controller.MbtiController    : No answers provided in request
2025-12-30 11:26:37.738  INFO 19708 --- [http-nio-8080-exec-1] com.mbti.common.aop.LoggingAspect        : [MbtiController.getAllQuestions()] 요청 / ip : 127.0.0.1
2025-12-30 11:26:37.739  INFO 19708 --- [http-nio-8080-exec-1] c.mbti.mbti.controller.MbtiController    : GET /api/mbti/questions - Fetching all questions
2025-12-30 11:26:37.739  INFO 19708 --- [http-nio-8080-exec-1] com.mbti.common.aop.LoggingAspect        : ========== MbtiServiceImpl.getAllQuestions() 서비스 호출 ==========
2025-12-30 11:26:37.739  INFO 19708 --- [http-nio-8080-exec-1] com.mbti.common.aop.LoggingAspect        : Parameter : []
2025-12-30 11:26:37.739  INFO 19708 --- [http-nio-8080-exec-1] com.mbti.mbti.service.MbtiServiceImpl    : Fetching all questions
2025-12-30 11:26:37.741  INFO 19708 --- [http-nio-8080-exec-1] com.mbti.common.aop.LoggingAspect        : Running Time : 2ms
2025-12-30 11:26:37.741  INFO 19708 --- [http-nio-8080-exec-1] com.mbti.common.aop.LoggingAspect        : ===================================================================================
2025-12-30 11:26:40.724  INFO 19708 --- [http-nio-8080-exec-3] com.mbti.common.aop.LoggingAspect        : [MbtiController.submitTest()] 요청 / ip : 127.0.0.1
2025-12-30 11:26:40.725  INFO 19708 --- [http-nio-8080-exec-3] c.mbti.mbti.controller.MbtiController    : POST /api/mbti/submit - Submitting test for user: yibu
2025-12-30 11:26:40.732  INFO 19708 --- [http-nio-8080-exec-3] com.mbti.common.aop.LoggingAspect        : ========== MbtiServiceImpl.submitTest() 서비스 호출 ==========
2025-12-30 11:26:40.733  INFO 19708 --- [http-nio-8080-exec-3] com.mbti.common.aop.LoggingAspect        : Parameter : [TestRequest(userName=yibu, answers=[TestAnswer(questionId=1, selectedOption=B), TestAnswer(questionId=2, selectedOption=B), TestAnswer(questionId=3, selectedOption=B), TestAnswer(questionId=4, selectedOption=B), TestAnswer(questionId=5, selectedOption=B), TestAnswer(questionId=6, selectedOption=B), TestAnswer(questionId=7, selectedOption=B), TestAnswer(questionId=8, selectedOption=B), TestAnswer(questionId=9, selectedOption=B), TestAnswer(questionId=10, selectedOption=B), TestAnswer(questionId=11, selectedOption=B), TestAnswer(questionId=12, selectedOption=B)])]
2025-12-30 11:26:40.737  INFO 19708 --- [http-nio-8080-exec-3] com.mbti.mbti.service.MbtiServiceImpl    : Submitting test for user: yibu
2025-12-30 11:26:40.764  INFO 19708 --- [http-nio-8080-exec-3] com.mbti.mbti.service.MbtiServiceImpl    : Calculated MBTI type: INFP
2025-12-30 11:26:40.788  INFO 19708 --- [http-nio-8080-exec-3] com.mbti.mbti.service.MbtiServiceImpl    : Saved result with id: 1
2025-12-30 11:26:40.817  INFO 19708 --- [http-nio-8080-exec-3] com.mbti.mbti.service.MbtiServiceImpl    : Saved 12 answers
2025-12-30 11:26:40.817  INFO 19708 --- [http-nio-8080-exec-3] com.mbti.mbti.service.MbtiServiceImpl    : Fetching result with id: 1
2025-12-30 11:26:40.825  INFO 19708 --- [http-nio-8080-exec-3] com.mbti.common.aop.LoggingAspect        : Running Time : 92ms
2025-12-30 11:26:40.826  INFO 19708 --- [http-nio-8080-exec-3] com.mbti.common.aop.LoggingAspect        : ===================================================================================
2025-12-30 11:50:01.857  INFO 19708 --- [http-nio-8080-exec-5] com.mbti.common.aop.LoggingAspect        : [MbtiController.getAllQuestions()] 요청 / ip : 127.0.0.1
2025-12-30 11:50:01.857  INFO 19708 --- [http-nio-8080-exec-5] c.mbti.mbti.controller.MbtiController    : GET /api/mbti/questions - Fetching all questions
2025-12-30 11:50:01.857  INFO 19708 --- [http-nio-8080-exec-5] com.mbti.common.aop.LoggingAspect        : ========== MbtiServiceImpl.getAllQuestions() 서비스 호출 ==========
2025-12-30 11:50:01.858  INFO 19708 --- [http-nio-8080-exec-5] com.mbti.common.aop.LoggingAspect        : Parameter : []
2025-12-30 11:50:01.858  INFO 19708 --- [http-nio-8080-exec-5] com.mbti.mbti.service.MbtiServiceImpl    : Fetching all questions
2025-12-30 11:50:01.864  INFO 19708 --- [http-nio-8080-exec-5] com.mbti.common.aop.LoggingAspect        : Running Time : 6ms
2025-12-30 11:50:01.864  INFO 19708 --- [http-nio-8080-exec-5] com.mbti.common.aop.LoggingAspect        : ===================================================================================
2025-12-30 11:50:04.775  INFO 19708 --- [http-nio-8080-exec-7] com.mbti.common.aop.LoggingAspect        : [MbtiController.submitTest()] 요청 / ip : 127.0.0.1
2025-12-30 11:50:04.775  INFO 19708 --- [http-nio-8080-exec-7] c.mbti.mbti.controller.MbtiController    : POST /api/mbti/submit - Submitting test for user: yibee
2025-12-30 11:50:04.775  INFO 19708 --- [http-nio-8080-exec-7] com.mbti.common.aop.LoggingAspect        : ========== MbtiServiceImpl.submitTest() 서비스 호출 ==========
2025-12-30 11:50:04.776  INFO 19708 --- [http-nio-8080-exec-7] com.mbti.common.aop.LoggingAspect        : Parameter : [TestRequest(userName=yibee, answers=[TestAnswer(questionId=1, selectedOption=B), TestAnswer(questionId=2, selectedOption=B), TestAnswer(questionId=3, selectedOption=B), TestAnswer(questionId=4, selectedOption=B), TestAnswer(questionId=5, selectedOption=B), TestAnswer(questionId=6, selectedOption=B), TestAnswer(questionId=7, selectedOption=B), TestAnswer(questionId=8, selectedOption=B), TestAnswer(questionId=9, selectedOption=B), TestAnswer(questionId=10, selectedOption=B), TestAnswer(questionId=11, selectedOption=B), TestAnswer(questionId=12, selectedOption=B)])]
2025-12-30 11:50:04.776  INFO 19708 --- [http-nio-8080-exec-7] com.mbti.mbti.service.MbtiServiceImpl    : Submitting test for user: yibee
2025-12-30 11:50:04.786  INFO 19708 --- [http-nio-8080-exec-7] com.mbti.mbti.service.MbtiServiceImpl    : Calculated MBTI type: INFP
2025-12-30 11:50:04.789  INFO 19708 --- [http-nio-8080-exec-7] com.mbti.mbti.service.MbtiServiceImpl    : Saved result with id: 2
2025-12-30 11:50:04.805  INFO 19708 --- [http-nio-8080-exec-7] com.mbti.mbti.service.MbtiServiceImpl    : Saved 12 answers
2025-12-30 11:50:04.805  INFO 19708 --- [http-nio-8080-exec-7] com.mbti.mbti.service.MbtiServiceImpl    : Fetching result with id: 2
2025-12-30 11:50:04.809  INFO 19708 --- [http-nio-8080-exec-7] com.mbti.common.aop.LoggingAspect        : Running Time : 33ms
2025-12-30 11:50:04.809  INFO 19708 --- [http-nio-8080-exec-7] com.mbti.common.aop.LoggingAspect        : ===================================================================================
2025-12-30 11:50:05.003  INFO 19708 --- [http-nio-8080-exec-9] com.mbti.common.aop.LoggingAspect        : [MbtiController.submitTest()] 요청 / ip : 127.0.0.1
2025-12-30 11:50:05.004  INFO 19708 --- [http-nio-8080-exec-9] c.mbti.mbti.controller.MbtiController    : POST /api/mbti/submit - Submitting test for user: yibee
2025-12-30 11:50:05.004  INFO 19708 --- [http-nio-8080-exec-9] com.mbti.common.aop.LoggingAspect        : ========== MbtiServiceImpl.submitTest() 서비스 호출 ==========
2025-12-30 11:50:05.005  INFO 19708 --- [http-nio-8080-exec-9] com.mbti.common.aop.LoggingAspect        : Parameter : [TestRequest(userName=yibee, answers=[TestAnswer(questionId=1, selectedOption=B), TestAnswer(questionId=2, selectedOption=B), TestAnswer(questionId=3, selectedOption=B), TestAnswer(questionId=4, selectedOption=B), TestAnswer(questionId=5, selectedOption=B), TestAnswer(questionId=6, selectedOption=B), TestAnswer(questionId=7, selectedOption=B), TestAnswer(questionId=8, selectedOption=B), TestAnswer(questionId=9, selectedOption=B), TestAnswer(questionId=10, selectedOption=B), TestAnswer(questionId=11, selectedOption=B), TestAnswer(questionId=12, selectedOption=B)])]
2025-12-30 11:50:05.005  INFO 19708 --- [http-nio-8080-exec-9] com.mbti.mbti.service.MbtiServiceImpl    : Submitting test for user: yibee
2025-12-30 11:50:05.026  INFO 19708 --- [http-nio-8080-exec-9] com.mbti.mbti.service.MbtiServiceImpl    : Calculated MBTI type: INFP
2025-12-30 11:50:05.027  INFO 19708 --- [http-nio-8080-exec-9] com.mbti.mbti.service.MbtiServiceImpl    : Saved result with id: 3
2025-12-30 11:50:05.037  INFO 19708 --- [http-nio-8080-exec-9] com.mbti.mbti.service.MbtiServiceImpl    : Saved 12 answers
2025-12-30 11:50:05.037  INFO 19708 --- [http-nio-8080-exec-9] com.mbti.mbti.service.MbtiServiceImpl    : Fetching result with id: 3
2025-12-30 11:50:05.040  INFO 19708 --- [http-nio-8080-exec-9] com.mbti.common.aop.LoggingAspect        : Running Time : 35ms
2025-12-30 11:50:05.043  INFO 19708 --- [http-nio-8080-exec-9] com.mbti.common.aop.LoggingAspect        : ===================================================================================
2025-12-30 11:55:43.741  INFO 19708 --- [http-nio-8080-exec-1] com.mbti.common.aop.LoggingAspect        : [MbtiController.getAllQuestions()] 요청 / ip : 127.0.0.1
2025-12-30 11:55:43.741  INFO 19708 --- [http-nio-8080-exec-1] c.mbti.mbti.controller.MbtiController    : GET /api/mbti/questions - Fetching all questions
2025-12-30 11:55:43.741  INFO 19708 --- [http-nio-8080-exec-1] com.mbti.common.aop.LoggingAspect        : ========== MbtiServiceImpl.getAllQuestions() 서비스 호출 ==========
2025-12-30 11:55:43.741  INFO 19708 --- [http-nio-8080-exec-1] com.mbti.common.aop.LoggingAspect        : Parameter : []
2025-12-30 11:55:43.741  INFO 19708 --- [http-nio-8080-exec-1] com.mbti.mbti.service.MbtiServiceImpl    : Fetching all questions
2025-12-30 11:55:43.743  INFO 19708 --- [http-nio-8080-exec-1] com.mbti.common.aop.LoggingAspect        : Running Time : 2ms
2025-12-30 11:55:43.743  INFO 19708 --- [http-nio-8080-exec-1] com.mbti.common.aop.LoggingAspect        : ===================================================================================
2025-12-30 11:55:48.194  INFO 19708 --- [http-nio-8080-exec-3] com.mbti.common.aop.LoggingAspect        : [MbtiController.submitTest()] 요청 / ip : 127.0.0.1
2025-12-30 11:55:48.195  INFO 19708 --- [http-nio-8080-exec-3] c.mbti.mbti.controller.MbtiController    : POST /api/mbti/submit - Submitting test for user: ysj
2025-12-30 11:55:48.195  INFO 19708 --- [http-nio-8080-exec-3] com.mbti.common.aop.LoggingAspect        : ========== MbtiServiceImpl.submitTest() 서비스 호출 ==========
2025-12-30 11:55:48.195  INFO 19708 --- [http-nio-8080-exec-3] com.mbti.common.aop.LoggingAspect        : Parameter : [TestRequest(userName=ysj, answers=[TestAnswer(questionId=1, selectedOption=B), TestAnswer(questionId=2, selectedOption=B), TestAnswer(questionId=3, selectedOption=B), TestAnswer(questionId=4, selectedOption=B), TestAnswer(questionId=5, selectedOption=B), TestAnswer(questionId=6, selectedOption=B), TestAnswer(questionId=7, selectedOption=B), TestAnswer(questionId=8, selectedOption=B), TestAnswer(questionId=9, selectedOption=B), TestAnswer(questionId=10, selectedOption=B), TestAnswer(questionId=11, selectedOption=B), TestAnswer(questionId=12, selectedOption=B)])]
2025-12-30 11:55:48.195  INFO 19708 --- [http-nio-8080-exec-3] com.mbti.mbti.service.MbtiServiceImpl    : Submitting test for user: ysj
2025-12-30 11:55:48.201  INFO 19708 --- [http-nio-8080-exec-3] com.mbti.mbti.service.MbtiServiceImpl    : Calculated MBTI type: INFP
2025-12-30 11:55:48.202  INFO 19708 --- [http-nio-8080-exec-3] com.mbti.mbti.service.MbtiServiceImpl    : Saved result with id: 4
2025-12-30 11:55:48.210  INFO 19708 --- [http-nio-8080-exec-3] com.mbti.mbti.service.MbtiServiceImpl    : Saved 12 answers
2025-12-30 11:55:48.210  INFO 19708 --- [http-nio-8080-exec-3] com.mbti.mbti.service.MbtiServiceImpl    : Fetching result with id: 4
2025-12-30 11:55:48.212  INFO 19708 --- [http-nio-8080-exec-3] com.mbti.common.aop.LoggingAspect        : Running Time : 17ms
2025-12-30 11:55:48.212  INFO 19708 --- [http-nio-8080-exec-3] com.mbti.common.aop.LoggingAspect        : ===================================================================================
2025-12-30 11:56:35.206  INFO 19708 --- [http-nio-8080-exec-5] com.mbti.common.aop.LoggingAspect        : [MbtiController.getAllQuestions()] 요청 / ip : 127.0.0.1
2025-12-30 11:56:35.207  INFO 19708 --- [http-nio-8080-exec-5] c.mbti.mbti.controller.MbtiController    : GET /api/mbti/questions - Fetching all questions
2025-12-30 11:56:35.207  INFO 19708 --- [http-nio-8080-exec-5] com.mbti.common.aop.LoggingAspect        : ========== MbtiServiceImpl.getAllQuestions() 서비스 호출 ==========
2025-12-30 11:56:35.207  INFO 19708 --- [http-nio-8080-exec-5] com.mbti.common.aop.LoggingAspect        : Parameter : []
2025-12-30 11:56:35.207  INFO 19708 --- [http-nio-8080-exec-5] com.mbti.mbti.service.MbtiServiceImpl    : Fetching all questions
2025-12-30 11:56:35.209  INFO 19708 --- [http-nio-8080-exec-5] com.mbti.common.aop.LoggingAspect        : Running Time : 2ms
2025-12-30 11:56:35.209  INFO 19708 --- [http-nio-8080-exec-5] com.mbti.common.aop.LoggingAspect        : ===================================================================================
2025-12-30 11:56:38.147  INFO 19708 --- [http-nio-8080-exec-7] com.mbti.common.aop.LoggingAspect        : [MbtiController.submitTest()] 요청 / ip : 127.0.0.1
2025-12-30 11:56:38.147  INFO 19708 --- [http-nio-8080-exec-7] c.mbti.mbti.controller.MbtiController    : POST /api/mbti/submit - Submitting test for user: sdfs
2025-12-30 11:56:38.148  INFO 19708 --- [http-nio-8080-exec-7] com.mbti.common.aop.LoggingAspect        : ========== MbtiServiceImpl.submitTest() 서비스 호출 ==========
2025-12-30 11:56:38.148  INFO 19708 --- [http-nio-8080-exec-7] com.mbti.common.aop.LoggingAspect        : Parameter : [TestRequest(userName=sdfs, answers=[TestAnswer(questionId=1, selectedOption=B), TestAnswer(questionId=2, selectedOption=B), TestAnswer(questionId=3, selectedOption=B), TestAnswer(questionId=4, selectedOption=B), TestAnswer(questionId=5, selectedOption=B), TestAnswer(questionId=6, selectedOption=B), TestAnswer(questionId=7, selectedOption=B), TestAnswer(questionId=8, selectedOption=B), TestAnswer(questionId=9, selectedOption=B), TestAnswer(questionId=10, selectedOption=B), TestAnswer(questionId=11, selectedOption=B), TestAnswer(questionId=12, selectedOption=B)])]
2025-12-30 11:56:38.148  INFO 19708 --- [http-nio-8080-exec-7] com.mbti.mbti.service.MbtiServiceImpl    : Submitting test for user: sdfs
2025-12-30 11:56:38.157  INFO 19708 --- [http-nio-8080-exec-7] com.mbti.mbti.service.MbtiServiceImpl    : Calculated MBTI type: INFP
2025-12-30 11:56:38.158  INFO 19708 --- [http-nio-8080-exec-7] com.mbti.mbti.service.MbtiServiceImpl    : Saved result with id: 5
2025-12-30 11:56:38.168  INFO 19708 --- [http-nio-8080-exec-7] com.mbti.mbti.service.MbtiServiceImpl    : Saved 12 answers
2025-12-30 11:56:38.168  INFO 19708 --- [http-nio-8080-exec-7] com.mbti.mbti.service.MbtiServiceImpl    : Fetching result with id: 5
2025-12-30 11:56:38.170  INFO 19708 --- [http-nio-8080-exec-7] com.mbti.common.aop.LoggingAspect        : Running Time : 22ms
2025-12-30 11:56:38.170  INFO 19708 --- [http-nio-8080-exec-7] com.mbti.common.aop.LoggingAspect        : ===================================================================================
2025-12-30 11:58:59.006  INFO 19708 --- [http-nio-8080-exec-9] com.mbti.common.aop.LoggingAspect        : [MbtiController.getAllQuestions()] 요청 / ip : 127.0.0.1
2025-12-30 11:58:59.006  INFO 19708 --- [http-nio-8080-exec-9] c.mbti.mbti.controller.MbtiController    : GET /api/mbti/questions - Fetching all questions
2025-12-30 11:58:59.006  INFO 19708 --- [http-nio-8080-exec-9] com.mbti.common.aop.LoggingAspect        : ========== MbtiServiceImpl.getAllQuestions() 서비스 호출 ==========
2025-12-30 11:58:59.006  INFO 19708 --- [http-nio-8080-exec-9] com.mbti.common.aop.LoggingAspect        : Parameter : []
2025-12-30 11:58:59.006  INFO 19708 --- [http-nio-8080-exec-9] com.mbti.mbti.service.MbtiServiceImpl    : Fetching all questions
2025-12-30 11:58:59.008  INFO 19708 --- [http-nio-8080-exec-9] com.mbti.common.aop.LoggingAspect        : Running Time : 2ms
2025-12-30 11:58:59.008  INFO 19708 --- [http-nio-8080-exec-9] com.mbti.common.aop.LoggingAspect        : ===================================================================================
2025-12-30 11:59:01.659  INFO 19708 --- [http-nio-8080-exec-1] com.mbti.common.aop.LoggingAspect        : [MbtiController.submitTest()] 요청 / ip : 127.0.0.1
2025-12-30 11:59:01.659  INFO 19708 --- [http-nio-8080-exec-1] c.mbti.mbti.controller.MbtiController    : POST /api/mbti/submit - Submitting test for user: sdf
2025-12-30 11:59:01.659  INFO 19708 --- [http-nio-8080-exec-1] com.mbti.common.aop.LoggingAspect        : ========== MbtiServiceImpl.submitTest() 서비스 호출 ==========
2025-12-30 11:59:01.660  INFO 19708 --- [http-nio-8080-exec-1] com.mbti.common.aop.LoggingAspect        : Parameter : [TestRequest(userName=sdf, answers=[TestAnswer(questionId=1, selectedOption=B), TestAnswer(questionId=2, selectedOption=B), TestAnswer(questionId=3, selectedOption=B), TestAnswer(questionId=4, selectedOption=B), TestAnswer(questionId=5, selectedOption=B), TestAnswer(questionId=6, selectedOption=B), TestAnswer(questionId=7, selectedOption=B), TestAnswer(questionId=8, selectedOption=B), TestAnswer(questionId=9, selectedOption=B), TestAnswer(questionId=10, selectedOption=B), TestAnswer(questionId=11, selectedOption=B), TestAnswer(questionId=12, selectedOption=B)])]
2025-12-30 11:59:01.660  INFO 19708 --- [http-nio-8080-exec-1] com.mbti.mbti.service.MbtiServiceImpl    : Submitting test for user: sdf
2025-12-30 11:59:01.666  INFO 19708 --- [http-nio-8080-exec-1] com.mbti.mbti.service.MbtiServiceImpl    : Calculated MBTI type: INFP
2025-12-30 11:59:01.667  INFO 19708 --- [http-nio-8080-exec-1] com.mbti.mbti.service.MbtiServiceImpl    : Saved result with id: 6
2025-12-30 11:59:01.675  INFO 19708 --- [http-nio-8080-exec-1] com.mbti.mbti.service.MbtiServiceImpl    : Saved 12 answers
2025-12-30 11:59:01.675  INFO 19708 --- [http-nio-8080-exec-1] com.mbti.mbti.service.MbtiServiceImpl    : Fetching result with id: 6
2025-12-30 11:59:01.678  INFO 19708 --- [http-nio-8080-exec-1] com.mbti.common.aop.LoggingAspect        : Running Time : 18ms
2025-12-30 11:59:01.678  INFO 19708 --- [http-nio-8080-exec-1] com.mbti.common.aop.LoggingAspect        : ===================================================================================
2025-12-30 14:09:12.443  WARN 19708 --- [MyHikariCP housekeeper] com.zaxxer.hikari.pool.HikariPool        : MyHikariCP - Thread starvation or clock leap detected (housekeeper delta=18m20s857ms322µs300ns).
2025-12-30 15:35:10.305  INFO 19708 --- [SpringApplicationShutdownHook] com.zaxxer.hikari.HikariDataSource       : MyHikariCP - Shutdown initiated...
2025-12-30 15:35:10.320  INFO 19708 --- [SpringApplicationShutdownHook] com.zaxxer.hikari.HikariDataSource       : MyHikariCP - Shutdown completed.
